<?xml version="1.0" encoding="UTF-8"?>
<!-- Generated by org.testng.reporters.JUnitReportReporter -->
<testsuite hostname="Lathavya-pc" name="script.Fileupload" tests="1" failures="0" timestamp="23 Dec 2018 06:10:25 GMT" time="0.491" errors="0">
  <testcase name="main" time="0.491" classname="script.Fileupload"/>
</testsuite> <!-- script.Fileupload -->
